<?xml version="1.0" encoding="UTF-8"?>
<!-- Generated by org.testng.reporters.JUnitReportReporter -->
<testsuite hostname="LAPTOP-HFNC093N" failures="0" tests="1" name="heroku.FormAuthenticationTest" time="18.121" errors="0" timestamp="2025-05-15T16:32:27 GMT+07:00" skipped="0">
  <testcase classname="heroku.FormAuthenticationTest" name="tc01" time="18.121"/>
</testsuite> <!-- heroku.FormAuthenticationTest -->
